2019-07-15T00:59:42.115Z - warn: 
2019-07-15T00:59:44.679Z - warn: 
2019-07-15T00:59:49.765Z - warn: 
2019-07-15T00:59:56.329Z - warn: 
2019-07-15T00:59:57.286Z - warn: 
2019-07-15T01:00:50.418Z - warn: 
2019-07-15T01:00:51.616Z - warn: 
2019-07-15T01:01:01.768Z - warn: 
2019-07-15T01:01:04.219Z - warn: 
2019-07-15T01:03:30.868Z - warn: SYMBOL {"kind":"property","kindModifiers":"","start":{"line":2,"offset":3},"end":{"line":2,"offset":7},"displayString":"(property) font: string","documentation":"","tags":[]}
2019-07-15T01:03:30.869Z - warn: RETURNING  [" (property) font: string "]
2019-07-15T01:03:31.747Z - warn: 
2019-07-15T01:03:35.390Z - warn: test
2019-07-15T01:03:35.490Z - warn: 
2019-07-15T01:03:35.606Z - warn: prefix 
2019-07-15T01:03:35.606Z - warn: 3
2019-07-15T01:03:40.734Z - warn: test
2019-07-15T01:03:41.459Z - warn: 
2019-07-15T01:03:42.723Z - warn: test
2019-07-15T01:03:42.918Z - warn: prefix 
2019-07-15T01:03:42.918Z - warn: 3
2019-07-15T01:03:43.330Z - warn: prefix fo
2019-07-15T01:03:43.330Z - warn: 3
2019-07-15T01:03:43.816Z - warn: test
2019-07-15T01:03:44.523Z - warn: prefix f
2019-07-15T01:03:44.523Z - warn: 3
2019-07-15T01:03:44.748Z - warn: prefix 
2019-07-15T01:03:44.749Z - warn: 3
2019-07-15T01:03:45.940Z - warn: test
2019-07-15T01:03:47.901Z - warn: 
2019-07-15T01:03:49.062Z - warn: prefix 
2019-07-15T01:03:49.062Z - warn: 5
2019-07-15T01:03:49.359Z - warn: test
2019-07-15T01:03:51.101Z - warn: prefix t
2019-07-15T01:03:51.101Z - warn: 5
2019-07-15T01:03:51.416Z - warn: prefix te
2019-07-15T01:03:51.416Z - warn: 5
2019-07-15T01:03:51.801Z - warn: test
2019-07-15T01:03:52.984Z - warn: prefix tex
2019-07-15T01:03:52.984Z - warn: 5
2019-07-15T01:03:53.305Z - warn: test
2019-07-15T01:03:54.143Z - warn: prefix text
2019-07-15T01:03:54.144Z - warn: 5
2019-07-15T01:03:54.561Z - warn: test
2019-07-15T01:03:57.060Z - warn: test
2019-07-15T01:03:57.190Z - warn: prefix textTr
2019-07-15T01:03:57.190Z - warn: 5
2019-07-15T01:03:57.613Z - warn: test
2019-07-15T01:03:58.628Z - warn: test
2019-07-15T01:03:59.766Z - warn: 
2019-07-15T01:15:34.161Z - warn: 
2019-07-15T01:15:35.899Z - warn: 
2019-07-15T01:16:43.738Z - warn: SYMBOL {"kind":"property","kindModifiers":"","start":{"line":69,"offset":5},"end":{"line":69,"offset":17},"displayString":"(property) marginBottom: number","documentation":"","tags":[]}
2019-07-15T01:16:43.739Z - warn: RETURNING  [" (property) marginBottom: number "]
2019-07-15T01:16:45.028Z - warn: 
2019-07-15T01:16:48.325Z - warn: 
2019-07-15T01:16:50.442Z - warn: 
2019-07-15T01:16:53.988Z - warn: SYMBOL {"kind":"property","kindModifiers":"","start":{"line":62,"offset":5},"end":{"line":62,"offset":17},"displayString":"(property) marginBottom: number","documentation":"","tags":[]}
2019-07-15T01:16:53.988Z - warn: RETURNING  [" (property) marginBottom: number "]
2019-07-15T01:16:55.294Z - warn: 
2019-07-15T01:16:56.746Z - warn: 
2019-07-15T01:23:36.605Z - warn: 
2019-07-15T01:23:38.083Z - warn: 
2019-07-15T01:25:08.443Z - warn: 
2019-07-15T01:31:12.184Z - warn: {"seq":0,"type":"response","command":"reload","request_seq":1,"success":true}
2019-07-15T01:31:12.186Z - warn: {"seq":0,"type":"response","command":"reload","request_seq":1,"success":true,"body":{"reloadFinished":true}}
2019-07-15T01:31:12.235Z - warn: {"seq":0,"type":"response","command":"semanticDiagnosticsSync","request_seq":2,"success":true,"body":[]}
2019-07-15T01:31:12.237Z - warn: {"seq":0,"type":"response","command":"syntacticDiagnosticsSync","request_seq":3,"success":true,"body":[]}
2019-07-15T01:31:12.248Z - warn: {"seq":0,"type":"response","command":"suggestionDiagnosticsSync","request_seq":4,"success":true,"body":[]}
2019-07-15T01:33:20.482Z - warn: {"seq":0,"type":"response","command":"reload","request_seq":1,"success":true}
2019-07-15T01:33:20.484Z - warn: {"seq":0,"type":"response","command":"reload","request_seq":1,"success":true,"body":{"reloadFinished":true}}
2019-07-15T01:33:20.514Z - warn: {"seq":0,"type":"response","command":"semanticDiagnosticsSync","request_seq":2,"success":true,"body":[]}
2019-07-15T01:33:20.520Z - warn: {"seq":0,"type":"response","command":"syntacticDiagnosticsSync","request_seq":3,"success":true,"body":[]}
2019-07-15T01:33:20.544Z - warn: {"seq":0,"type":"response","command":"suggestionDiagnosticsSync","request_seq":4,"success":true,"body":[]}
2019-07-15T01:33:32.343Z - warn: {"seq":0,"type":"response","command":"reload","request_seq":1,"success":true}
2019-07-15T01:33:32.345Z - warn: {"seq":0,"type":"response","command":"reload","request_seq":1,"success":true,"body":{"reloadFinished":true}}
2019-07-15T01:33:32.377Z - warn: {"seq":0,"type":"response","command":"semanticDiagnosticsSync","request_seq":2,"success":true,"body":[]}
2019-07-15T01:33:32.382Z - warn: {"seq":0,"type":"response","command":"syntacticDiagnosticsSync","request_seq":3,"success":true,"body":[]}
2019-07-15T01:33:32.393Z - warn: {"seq":0,"type":"response","command":"suggestionDiagnosticsSync","request_seq":4,"success":true,"body":[]}
2019-07-15T01:35:40.884Z - warn: {"seq":0,"type":"event","event":"projectLoadingStart","body":{"projectName":"/Users/mhartington/ng-denver/slides/jsconfig.json","reason":"Creating possible configured project for /Users/mhartington/ng-denver/slides/theme/ionic.js to open"}}
2019-07-15T01:35:43.330Z - warn: {"seq":0,"type":"event","event":"projectLoadingFinish","body":{"projectName":"/Users/mhartington/ng-denver/slides/jsconfig.json"}}
2019-07-15T01:35:43.331Z - warn: {"seq":0,"type":"event","event":"telemetry","body":{"telemetryEventName":"projectInfo","payload":{"projectId":"3ecfc141654911c1ba7b9ae3a379ddfbaf591ad5228d72eb6e3aa7920a108f97","fileStats":{"js":18,"jsSize":1610679,"jsx":0,"jsxSize":0,"ts":0,"tsSize":0,"tsx":0,"tsxSize":0,"dts":84,"dtsSize":3129556,"deferred":0,"deferredSize":0},"compilerOptions":{"allowJs":true,"maxNodeModuleJsDepth":2,"allowSyntheticDefaultImports":true,"skipLibCheck":true,"noEmit":true},"typeAcquisition":{"enable":true,"include":false,"exclude":false},"extends":false,"files":false,"include":false,"exclude":false,"compileOnSave":false,"configFileName":"jsconfig.json","projectType":"configured","languageServiceEnabled":true,"version":"3.5.3"}}}
2019-07-15T01:35:43.331Z - warn: {"seq":0,"type":"event","event":"configFileDiag","body":{"triggerFile":"/Users/mhartington/ng-denver/slides/theme/ionic.js","configFile":"/Users/mhartington/ng-denver/slides/jsconfig.json","diagnostics":[]}}
2019-07-15T01:35:43.331Z - warn: {"seq":0,"type":"response","command":"reload","request_seq":1,"success":true}
2019-07-15T01:35:43.331Z - warn: {"seq":0,"type":"response","command":"reload","request_seq":1,"success":true,"body":{"reloadFinished":true}}
2019-07-15T01:35:43.457Z - warn: {"seq":0,"type":"response","command":"semanticDiagnosticsSync","request_seq":2,"success":true,"body":[]}
2019-07-15T01:35:43.461Z - warn: {"seq":0,"type":"response","command":"syntacticDiagnosticsSync","request_seq":3,"success":true,"body":[]}
2019-07-15T01:35:43.472Z - warn: {"seq":0,"type":"response","command":"suggestionDiagnosticsSync","request_seq":4,"success":true,"body":[]}
2019-07-15T01:35:50.975Z - warn: {"seq":0,"type":"response","command":"reload","request_seq":5,"success":true}
2019-07-15T01:35:50.976Z - warn: {"seq":0,"type":"response","command":"reload","request_seq":5,"success":true,"body":{"reloadFinished":true}}
2019-07-15T01:35:51.026Z - warn: test
2019-07-15T01:35:51.033Z - warn: {"seq":0,"type":"response","command":"completionInfo","request_seq":6,"success":false,"message":"No content available."}
2019-07-15T01:35:52.765Z - warn: {"seq":0,"type":"response","command":"reload","request_seq":7,"success":true}
2019-07-15T01:35:52.766Z - warn: {"seq":0,"type":"response","command":"reload","request_seq":7,"success":true,"body":{"reloadFinished":true}}
2019-07-15T01:35:52.783Z - warn: {"seq":0,"type":"response","command":"completionInfo","request_seq":8,"success":false,"message":"No content available."}
2019-07-15T01:35:52.974Z - warn: {"seq":0,"type":"response","command":"reload","request_seq":9,"success":true}
2019-07-15T01:35:52.975Z - warn: {"seq":0,"type":"response","command":"reload","request_seq":9,"success":true,"body":{"reloadFinished":true}}
2019-07-15T01:35:52.989Z - warn: {"seq":0,"type":"response","command":"completionInfo","request_seq":10,"success":false,"message":"No content available."}
2019-07-15T01:35:53.462Z - warn: {"seq":0,"type":"response","command":"reload","request_seq":11,"success":true}
2019-07-15T01:35:53.463Z - warn: {"seq":0,"type":"response","command":"reload","request_seq":11,"success":true,"body":{"reloadFinished":true}}
2019-07-15T01:35:53.479Z - warn: {"seq":0,"type":"response","command":"completionInfo","request_seq":12,"success":false,"message":"No content available."}
2019-07-15T01:35:53.926Z - warn: test
2019-07-15T01:35:55.163Z - warn: {"seq":0,"type":"response","command":"reload","request_seq":13,"success":true}
2019-07-15T01:35:55.164Z - warn: {"seq":0,"type":"response","command":"reload","request_seq":13,"success":true,"body":{"reloadFinished":true}}
2019-07-15T01:35:55.191Z - warn: {"seq":0,"type":"response","command":"completionInfo","request_seq":14,"success":false,"message":"No content available."}
2019-07-15T01:35:55.458Z - warn: {"seq":0,"type":"response","command":"reload","request_seq":15,"success":true}
2019-07-15T01:35:55.459Z - warn: {"seq":0,"type":"response","command":"reload","request_seq":15,"success":true,"body":{"reloadFinished":true}}
2019-07-15T01:35:55.475Z - warn: {"seq":0,"type":"response","command":"completionInfo","request_seq":16,"success":false,"message":"No content available."}
2019-07-15T01:35:55.783Z - warn: {"seq":0,"type":"response","command":"reload","request_seq":17,"success":true}
2019-07-15T01:35:55.784Z - warn: {"seq":0,"type":"response","command":"reload","request_seq":17,"success":true,"body":{"reloadFinished":true}}
2019-07-15T01:35:55.804Z - warn: {"seq":0,"type":"response","command":"completionInfo","request_seq":18,"success":false,"message":"No content available."}
2019-07-15T01:35:56.044Z - warn: {"seq":0,"type":"response","command":"reload","request_seq":19,"success":true}
2019-07-15T01:35:56.044Z - warn: {"seq":0,"type":"response","command":"reload","request_seq":19,"success":true,"body":{"reloadFinished":true}}
2019-07-15T01:35:56.060Z - warn: {"seq":0,"type":"response","command":"completionInfo","request_seq":20,"success":false,"message":"No content available."}
2019-07-15T01:35:56.613Z - warn: test
2019-07-15T01:35:57.305Z - warn: {"seq":0,"type":"response","command":"reload","request_seq":21,"success":true}
2019-07-15T01:35:57.305Z - warn: {"seq":0,"type":"response","command":"reload","request_seq":21,"success":true,"body":{"reloadFinished":true}}
2019-07-15T01:35:57.351Z - warn: {"seq":0,"type":"response","command":"completionInfo","request_seq":22,"success":false,"message":"No content available."}
2019-07-15T01:35:57.413Z - warn: {"seq":0,"type":"response","command":"reload","request_seq":23,"success":true}
2019-07-15T01:35:57.414Z - warn: {"seq":0,"type":"response","command":"reload","request_seq":23,"success":true,"body":{"reloadFinished":true}}
2019-07-15T01:35:57.439Z - warn: {"seq":0,"type":"response","command":"completionInfo","request_seq":24,"success":false,"message":"No content available."}
2019-07-15T01:35:57.483Z - warn: {"seq":0,"type":"response","command":"reload","request_seq":25,"success":true}
2019-07-15T01:35:57.484Z - warn: {"seq":0,"type":"response","command":"reload","request_seq":25,"success":true,"body":{"reloadFinished":true}}
2019-07-15T01:35:57.507Z - warn: {"seq":0,"type":"response","command":"completionInfo","request_seq":26,"success":false,"message":"No content available."}
2019-07-15T01:35:57.532Z - warn: {"seq":0,"type":"response","command":"reload","request_seq":27,"success":true,"body":{"reloadFinished":true}}
2019-07-15T01:35:57.543Z - warn: {"seq":0,"type":"response","command":"completionInfo","request_seq":28,"success":false,"message":"No content available."}
2019-07-15T01:35:57.753Z - warn: {"seq":0,"type":"response","command":"reload","request_seq":29,"success":true}
2019-07-15T01:35:57.755Z - warn: {"seq":0,"type":"response","command":"reload","request_seq":29,"success":true,"body":{"reloadFinished":true}}
2019-07-15T01:35:57.775Z - warn: {"seq":0,"type":"response","command":"completionInfo","request_seq":30,"success":false,"message":"No content available."}
2019-07-15T01:35:58.082Z - warn: {"seq":0,"type":"response","command":"reload","request_seq":31,"success":true}
2019-07-15T01:35:58.084Z - warn: {"seq":0,"type":"response","command":"reload","request_seq":31,"success":true,"body":{"reloadFinished":true}}
2019-07-15T01:35:58.095Z - warn: {"seq":0,"type":"response","command":"completionInfo","request_seq":32,"success":false,"message":"No content available."}
2019-07-15T01:35:58.275Z - warn: {"seq":0,"type":"response","command":"reload","request_seq":33,"success":true}
2019-07-15T01:35:58.276Z - warn: {"seq":0,"type":"response","command":"reload","request_seq":33,"success":true,"body":{"reloadFinished":true}}
2019-07-15T01:35:58.289Z - warn: {"seq":0,"type":"response","command":"completionInfo","request_seq":34,"success":false,"message":"No content available."}
2019-07-15T01:35:58.654Z - warn: {"seq":0,"type":"response","command":"reload","request_seq":35,"success":true}
2019-07-15T01:35:58.656Z - warn: {"seq":0,"type":"response","command":"reload","request_seq":35,"success":true,"body":{"reloadFinished":true}}
2019-07-15T01:35:58.679Z - warn: {"seq":0,"type":"response","command":"completionInfo","request_seq":36,"success":false,"message":"No content available."}
2019-07-15T01:35:59.664Z - warn: test
2019-07-15T01:36:01.504Z - warn: {"seq":0,"type":"response","command":"reload","request_seq":37,"success":true}
2019-07-15T01:36:01.505Z - warn: {"seq":0,"type":"response","command":"reload","request_seq":37,"success":true,"body":{"reloadFinished":true}}
2019-07-15T01:36:01.561Z - warn: {"seq":0,"type":"response","command":"quickinfo","request_seq":38,"success":true,"body":{"kind":"property","kindModifiers":"","start":{"line":51,"offset":5},"end":{"line":51,"offset":10},"displayString":"(property) color: string","documentation":"","tags":[]}}
2019-07-15T01:36:12.445Z - warn: {"seq":0,"type":"response","command":"reload","request_seq":39,"success":true,"body":{"reloadFinished":true}}
2019-07-15T01:36:12.461Z - warn: {"seq":0,"type":"response","command":"quickinfo","request_seq":40,"success":true,"body":{"kind":"property","kindModifiers":"","start":{"line":51,"offset":5},"end":{"line":51,"offset":10},"displayString":"(property) color: string","documentation":"","tags":[]}}
2019-07-15T01:36:19.639Z - warn: {"seq":0,"type":"response","command":"reload","request_seq":41,"success":true,"body":{"reloadFinished":true}}
2019-07-15T01:36:19.660Z - warn: {"seq":0,"type":"response","command":"quickinfo","request_seq":42,"success":true,"body":{"kind":"property","kindModifiers":"","start":{"line":47,"offset":5},"end":{"line":47,"offset":14},"displayString":"(property) listStyle: string","documentation":"","tags":[]}}
2019-07-15T01:36:21.908Z - warn: test
2019-07-15T01:36:25.468Z - warn: test
2019-07-15T02:00:46.367Z - warn: {"seq":0,"type":"event","event":"projectLoadingStart","body":{"projectName":"/Users/mhartington/ng-denver/slides/jsconfig.json","reason":"Creating possible configured project for /Users/mhartington/ng-denver/slides/theme/ionic.js to open"}}
2019-07-15T02:00:49.348Z - warn: {"seq":0,"type":"event","event":"projectLoadingFinish","body":{"projectName":"/Users/mhartington/ng-denver/slides/jsconfig.json"}}
2019-07-15T02:00:49.349Z - warn: {"seq":0,"type":"event","event":"telemetry","body":{"telemetryEventName":"projectInfo","payload":{"projectId":"3ecfc141654911c1ba7b9ae3a379ddfbaf591ad5228d72eb6e3aa7920a108f97","fileStats":{"js":18,"jsSize":1610679,"jsx":0,"jsxSize":0,"ts":0,"tsSize":0,"tsx":0,"tsxSize":0,"dts":84,"dtsSize":3129556,"deferred":0,"deferredSize":0},"compilerOptions":{"allowJs":true,"maxNodeModuleJsDepth":2,"allowSyntheticDefaultImports":true,"skipLibCheck":true,"noEmit":true},"typeAcquisition":{"enable":true,"include":false,"exclude":false},"extends":false,"files":false,"include":false,"exclude":false,"compileOnSave":false,"configFileName":"jsconfig.json","projectType":"configured","languageServiceEnabled":true,"version":"3.5.3"}}}
2019-07-15T02:00:49.350Z - warn: {"seq":0,"type":"event","event":"configFileDiag","body":{"triggerFile":"/Users/mhartington/ng-denver/slides/theme/ionic.js","configFile":"/Users/mhartington/ng-denver/slides/jsconfig.json","diagnostics":[]}}
2019-07-15T02:00:49.350Z - warn: {"seq":0,"type":"response","command":"reload","request_seq":1,"success":true}
2019-07-15T02:00:49.350Z - warn: {"seq":0,"type":"response","command":"reload","request_seq":1,"success":true,"body":{"reloadFinished":true}}
2019-07-15T02:00:49.375Z - warn: {"seq":0,"type":"response","command":"semanticDiagnosticsSync","request_seq":2,"success":true,"body":[]}
2019-07-15T02:00:49.376Z - warn: {"seq":0,"type":"response","command":"syntacticDiagnosticsSync","request_seq":3,"success":true,"body":[]}
2019-07-15T02:00:49.387Z - warn: {"seq":0,"type":"response","command":"suggestionDiagnosticsSync","request_seq":4,"success":true,"body":[]}
2019-07-15T02:01:02.077Z - warn: {"seq":0,"type":"response","command":"reload","request_seq":5,"success":true,"body":{"reloadFinished":true}}
2019-07-15T02:01:02.121Z - warn: {"seq":0,"type":"response","command":"quickinfo","request_seq":6,"success":true,"body":{"kind":"property","kindModifiers":"","start":{"line":51,"offset":5},"end":{"line":51,"offset":10},"displayString":"(property) color: string","documentation":"","tags":[]}}
2019-07-15T02:04:25.850Z - warn: TYPE INFOR
2019-07-15T02:04:30.966Z - warn: TYPE INFOR
2019-07-15T02:04:33.126Z - warn: TYPE INFOR
2019-07-15T02:06:04.650Z - warn: TYPE INFOR
2019-07-15T02:06:39.397Z - warn: TYPE INFOR
2019-07-15T02:07:48.499Z - warn: TYPE INFOR
2019-07-15T02:08:56.847Z - warn: TYPE INFOR
2019-07-15T02:08:56.849Z - warn: AM HERE?
2019-07-15T02:09:37.747Z - warn: TYPE INFOR
2019-07-15T02:09:44.706Z - warn: TYPE INFOR
2019-07-15T02:10:54.759Z - warn: TYPE INFOR
2019-07-15T02:11:53.961Z - warn: TYPE INFOR
2019-07-15T02:11:53.962Z - warn: HERE?
